<?xml version="1.0" encoding="UTF-8"?>
<!-- Generated by org.testng.reporters.JUnitXMLReporter -->
<testsuite ignored="0" hostname="Gagan" failures="1" tests="2" name="Test" time="20.861" errors="0" timestamp="2024-05-07T13:19:18 IST">
  <testcase classname="practice.test.InvoiceTest" name="createInvoiceTest" time="0.037">
    <failure type="java.lang.AssertionError" message="expected [Login] but found [Administrator - Home - vtiger CRM 5 - Commercial Open Source CRM]">
      <![CDATA[java.lang.AssertionError: expected [Login] but found [Administrator - Home - vtiger CRM 5 - Commercial Open Source CRM]
at practice.test.InvoiceTest.createInvoiceTest(InvoiceTest.java:15)
at java.base/java.util.ArrayList.forEach(ArrayList.java:1511)
... Removed 33 stack frames]]>
    </failure>
  </testcase> <!-- createInvoiceTest -->
  <testcase classname="practice.test.InvoiceTest" name="createInvoiceWithContactTest" time="0.002"/>
</testsuite> <!-- Test -->
